-------------------------------------------------------------------------------
Test set: com.mycompany.chatapplication.controllers.ProfileControllerTest
-------------------------------------------------------------------------------
Tests run: 5, Failures: 0, Errors: 5, Skipped: 0, Time elapsed: 1.21 sec <<< FAILURE! - in com.mycompany.chatapplication.controllers.ProfileControllerTest
testGetLoggedInUserDetails(com.mycompany.chatapplication.controllers.ProfileControllerTest)  Time elapsed: 0.724 sec  <<< ERROR!
java.lang.reflect.InaccessibleObjectException: Unable to make protected void java.lang.Object.finalize() throws java.lang.Throwable accessible: module java.base does not "opens java.lang" to unnamed module @3bf44630
	at com.mycompany.chatapplication.controllers.ProfileControllerTest.before(ProfileControllerTest.java)

Test mechanism  Time elapsed: 0.728 sec  <<< ERROR!
java.lang.reflect.InaccessibleObjectException: Unable to make protected void java.lang.Object.finalize() throws java.lang.Throwable accessible: module java.base does not "opens java.lang" to unnamed module @3bf44630

testBtnSaveClick(com.mycompany.chatapplication.controllers.ProfileControllerTest)  Time elapsed: 0.002 sec  <<< ERROR!
java.lang.reflect.InaccessibleObjectException: Unable to make protected void java.lang.Object.finalize() throws java.lang.Throwable accessible: module java.base does not "opens java.lang" to unnamed module @3bf44630
	at com.mycompany.chatapplication.controllers.ProfileControllerTest.before(ProfileControllerTest.java)

Test mechanism  Time elapsed: 0.003 sec  <<< ERROR!
java.lang.reflect.InaccessibleObjectException: Unable to make protected void java.lang.Object.finalize() throws java.lang.Throwable accessible: module java.base does not "opens java.lang" to unnamed module @3bf44630

com.mycompany.chatapplication.controllers.ProfileControllerTest  Time elapsed: 0.005 sec  <<< ERROR!
java.lang.RuntimeException: Internal error: Failed to find the "modifiers" field in method setInternalState.
	at org.apache.maven.surefire.junit4.JUnit4Provider.execute(JUnit4Provider.java:367)
	at org.apache.maven.surefire.junit4.JUnit4Provider.executeWithRerun(JUnit4Provider.java:274)
	at org.apache.maven.surefire.junit4.JUnit4Provider.executeTestSet(JUnit4Provider.java:238)
	at org.apache.maven.surefire.junit4.JUnit4Provider.invoke(JUnit4Provider.java:161)
Caused by: java.lang.NoSuchFieldException: modifiers
	at org.apache.maven.surefire.junit4.JUnit4Provider.execute(JUnit4Provider.java:367)
	at org.apache.maven.surefire.junit4.JUnit4Provider.executeWithRerun(JUnit4Provider.java:274)
	at org.apache.maven.surefire.junit4.JUnit4Provider.executeTestSet(JUnit4Provider.java:238)
	at org.apache.maven.surefire.junit4.JUnit4Provider.invoke(JUnit4Provider.java:161)

