<?xml version="1.0" encoding="UTF-8"?>
<testsuite xmlns:xsi="http://www.w3.org/2001/XMLSchema-instance" xsi:schemaLocation="https://maven.apache.org/surefire/maven-surefire-plugin/xsd/surefire-test-report.xsd" name="com.mycompany.chatapplication.controllers.ProfileControllerTest" time="1.21" tests="5" errors="5" skipped="0" failures="0">
  <properties>
    <property name="java.runtime.name" value="Java(TM) SE Runtime Environment"/>
    <property name="java.vm.version" value="17.0.1+12-LTS-39"/>
    <property name="sun.boot.library.path" value="/opt/jdk-17.0.1/lib"/>
    <property name="maven.multiModuleProjectDirectory" value="/home/ntu-user/NetBeansProjects/ChatApplicationServers/ChatApplicationJade"/>
    <property name="java.vm.vendor" value="Oracle Corporation"/>
    <property name="java.vendor.url" value="https://java.oracle.com/"/>
    <property name="guice.disable.misplaced.annotation.check" value="true"/>
    <property name="path.separator" value=":"/>
    <property name="java.vm.name" value="Java HotSpot(TM) 64-Bit Server VM"/>
    <property name="user.country" value="GB"/>
    <property name="sun.java.launcher" value="SUN_STANDARD"/>
    <property name="test" value="com.mycompany.chatapplication.controllers.ProfileControllerTest"/>
    <property name="java.vm.specification.name" value="Java Virtual Machine Specification"/>
    <property name="user.dir" value="/home/ntu-user/NetBeansProjects/ChatApplicationServers/ChatApplicationJade"/>
    <property name="java.vm.compressedOopsMode" value="32-bit"/>
    <property name="java.runtime.version" value="17.0.1+12-LTS-39"/>
    <property name="os.arch" value="amd64"/>
    <property name="java.io.tmpdir" value="/tmp"/>
    <property name="line.separator" value="&#10;"/>
    <property name="java.vm.specification.vendor" value="Oracle Corporation"/>
    <property name="os.name" value="Linux"/>
    <property name="maven.ext.class.path" value="/home/ntu-user/netbeans-12.5/netbeans/java/maven-nblib/netbeans-eventspy.jar"/>
    <property name="classworlds.conf" value="/home/ntu-user/netbeans-12.5/netbeans/java/maven/bin/m2.conf"/>
    <property name="sun.jnu.encoding" value="UTF-8"/>
    <property name="java.library.path" value="/usr/java/packages/lib:/usr/lib64:/lib64:/lib:/usr/lib"/>
    <property name="maven.conf" value="/home/ntu-user/netbeans-12.5/netbeans/java/maven/conf"/>
    <property name="jdk.debug" value="release"/>
    <property name="java.class.version" value="61.0"/>
    <property name="java.specification.name" value="Java Platform API Specification"/>
    <property name="sun.management.compiler" value="HotSpot 64-Bit Tiered Compilers"/>
    <property name="jpda.listen" value="true"/>
    <property name="os.version" value="5.11.0-43-generic"/>
    <property name="library.jansi.path" value="/home/ntu-user/netbeans-12.5/netbeans/java/maven/lib/jansi-native"/>
    <property name="jpda.address" value="41407"/>
    <property name="user.home" value="/home/ntu-user"/>
    <property name="user.timezone" value="Europe/London"/>
    <property name="file.encoding" value="UTF-8"/>
    <property name="java.specification.version" value="17"/>
    <property name="user.name" value="ntu-user"/>
    <property name="java.class.path" value="/home/ntu-user/netbeans-12.5/netbeans/java/maven/boot/plexus-classworlds-2.6.0.jar"/>
    <property name="maven.surefire.debug" value="-agentlib:jdwp=transport=dt_socket,server=n,address=41407"/>
    <property name="java.vm.specification.version" value="17"/>
    <property name="sun.arch.data.model" value="64"/>
    <property name="sun.java.command" value="org.codehaus.plexus.classworlds.launcher.Launcher -Dtest=com.mycompany.chatapplication.controllers.ProfileControllerTest -DforkMode=once -Dmaven.surefire.debug=-agentlib:jdwp=transport=dt_socket,server=n,address=41407 -Djpda.listen=true -Djpda.address=41407 -Dmaven.ext.class.path=/home/ntu-user/netbeans-12.5/netbeans/java/maven-nblib/netbeans-eventspy.jar surefire:test"/>
    <property name="java.home" value="/opt/jdk-17.0.1"/>
    <property name="user.language" value="en"/>
    <property name="java.specification.vendor" value="Oracle Corporation"/>
    <property name="java.vm.info" value="mixed mode, sharing"/>
    <property name="java.version" value="17.0.1"/>
    <property name="native.encoding" value="UTF-8"/>
    <property name="securerandom.source" value="file:/dev/./urandom"/>
    <property name="java.vendor" value="Oracle Corporation"/>
    <property name="maven.home" value="/home/ntu-user/netbeans-12.5/netbeans/java/maven"/>
    <property name="file.separator" value="/"/>
    <property name="java.version.date" value="2021-10-19"/>
    <property name="java.vendor.url.bug" value="https://bugreport.java.com/bugreport/"/>
    <property name="forkMode" value="once"/>
    <property name="sun.io.unicode.encoding" value="UnicodeLittle"/>
    <property name="sun.cpu.endian" value="little"/>
  </properties>
  <testcase name="testGetLoggedInUserDetails" classname="com.mycompany.chatapplication.controllers.ProfileControllerTest" time="0.724">
    <error message="Unable to make protected void java.lang.Object.finalize() throws java.lang.Throwable accessible: module java.base does not &quot;opens java.lang&quot; to unnamed module @3bf44630" type="java.lang.reflect.InaccessibleObjectException">java.lang.reflect.InaccessibleObjectException: Unable to make protected void java.lang.Object.finalize() throws java.lang.Throwable accessible: module java.base does not "opens java.lang" to unnamed module @3bf44630
	at com.mycompany.chatapplication.controllers.ProfileControllerTest.before(ProfileControllerTest.java)
</error>
  </testcase>
  <testcase name="Test mechanism" classname="Test mechanism" time="0.728">
    <error message="Unable to make protected void java.lang.Object.finalize() throws java.lang.Throwable accessible: module java.base does not &quot;opens java.lang&quot; to unnamed module @3bf44630" type="java.lang.reflect.InaccessibleObjectException">java.lang.reflect.InaccessibleObjectException: Unable to make protected void java.lang.Object.finalize() throws java.lang.Throwable accessible: module java.base does not "opens java.lang" to unnamed module @3bf44630
</error>
  </testcase>
  <testcase name="Test mechanism" classname="Test mechanism" time="0.003">
    <error message="Unable to make protected void java.lang.Object.finalize() throws java.lang.Throwable accessible: module java.base does not &quot;opens java.lang&quot; to unnamed module @3bf44630" type="java.lang.reflect.InaccessibleObjectException">java.lang.reflect.InaccessibleObjectException: Unable to make protected void java.lang.Object.finalize() throws java.lang.Throwable accessible: module java.base does not "opens java.lang" to unnamed module @3bf44630
</error>
  </testcase>
  <testcase name="testBtnSaveClick" classname="com.mycompany.chatapplication.controllers.ProfileControllerTest" time="0.002">
    <error message="Unable to make protected void java.lang.Object.finalize() throws java.lang.Throwable accessible: module java.base does not &quot;opens java.lang&quot; to unnamed module @3bf44630" type="java.lang.reflect.InaccessibleObjectException">java.lang.reflect.InaccessibleObjectException: Unable to make protected void java.lang.Object.finalize() throws java.lang.Throwable accessible: module java.base does not "opens java.lang" to unnamed module @3bf44630
	at com.mycompany.chatapplication.controllers.ProfileControllerTest.before(ProfileControllerTest.java)
</error>
  </testcase>
  <testcase name="com.mycompany.chatapplication.controllers.ProfileControllerTest" classname="org.apache.maven.surefire.junit4.JUnit4Provider" time="0.005">
    <error message="Internal error: Failed to find the &quot;modifiers&quot; field in method setInternalState." type="java.lang.RuntimeException">java.lang.RuntimeException: Internal error: Failed to find the "modifiers" field in method setInternalState.
	at org.apache.maven.surefire.junit4.JUnit4Provider.execute(JUnit4Provider.java:367)
	at org.apache.maven.surefire.junit4.JUnit4Provider.executeWithRerun(JUnit4Provider.java:274)
	at org.apache.maven.surefire.junit4.JUnit4Provider.executeTestSet(JUnit4Provider.java:238)
	at org.apache.maven.surefire.junit4.JUnit4Provider.invoke(JUnit4Provider.java:161)
Caused by: java.lang.NoSuchFieldException: modifiers
	at org.apache.maven.surefire.junit4.JUnit4Provider.execute(JUnit4Provider.java:367)
	at org.apache.maven.surefire.junit4.JUnit4Provider.executeWithRerun(JUnit4Provider.java:274)
	at org.apache.maven.surefire.junit4.JUnit4Provider.executeTestSet(JUnit4Provider.java:238)
	at org.apache.maven.surefire.junit4.JUnit4Provider.invoke(JUnit4Provider.java:161)
</error>
  </testcase>
</testsuite>