<?xml version="1.0" encoding="UTF-8"?>
<testsuite xmlns:xsi="http://www.w3.org/2001/XMLSchema-instance" xsi:schemaLocation="https://maven.apache.org/surefire/maven-surefire-plugin/xsd/surefire-test-report.xsd" name="com.mycompany.chatapplication.controllers.DashboardControllerTest" time="0.277" tests="5" errors="3" skipped="0" failures="2">
  <properties>
[...]
</properties>
  <testcase name="testAddNewTitledPane" classname="com.mycompany.chatapplication.controllers.DashboardControllerTest" time="0.265">
    <error message="Cannot invoke &quot;java.util.Date.toGMTString()&quot; because &quot;dateOfMessageSent&quot; is null" type="java.lang.NullPointerException">java.lang.NullPointerException: Cannot invoke "java.util.Date.toGMTString()" because "dateOfMessageSent" is null
	at com.mycompany.chatapplication.controllers.DashboardControllerTest.testAddNewTitledPane(DashboardControllerTest.java:91)
</error>
    <system-out><![CDATA[addNewTitledPane
com.mycompany.chatapplication.models.UserDetailsList@740fb309
]]></system-out>
  </testcase>
  <testcase name="testSetLoggedInUserDetails" classname="com.mycompany.chatapplication.controllers.DashboardControllerTest" time="0.001">
    <failure message="The test case is a prototype." type="java.lang.AssertionError">java.lang.AssertionError: The test case is a prototype.
	at com.mycompany.chatapplication.controllers.DashboardControllerTest.testSetLoggedInUserDetails(DashboardControllerTest.java:49)
</failure>
    <system-out><![CDATA[setLoggedInUserDetails
]]></system-out>
  </testcase>
  <testcase name="testOpenProfilePage" classname="com.mycompany.chatapplication.controllers.DashboardControllerTest" time="0.009">
    <error message="Could not initialize class javafx.scene.control.Labeled" type="java.lang.NoClassDefFoundError">java.lang.NoClassDefFoundError: Could not initialize class javafx.scene.control.Labeled
	at com.mycompany.chatapplication.controllers.DashboardControllerTest.testOpenProfilePage(DashboardControllerTest.java:74)
</error>
    <system-out><![CDATA[openProfilePage
]]></system-out>
  </testcase>
  <testcase name="testInitialize" classname="com.mycompany.chatapplication.controllers.DashboardControllerTest" time="0.001">
    <error message="Could not initialize class javafx.scene.control.Control" type="java.lang.NoClassDefFoundError">java.lang.NoClassDefFoundError: Could not initialize class javafx.scene.control.Control
	at com.mycompany.chatapplication.controllers.DashboardControllerTest.testInitialize(DashboardControllerTest.java:61)
</error>
    <system-out><![CDATA[initialize
]]></system-out>
  </testcase>
  <testcase name="testGetLoggedInUserDetails" classname="com.mycompany.chatapplication.controllers.DashboardControllerTest" time="0.001">
    <failure message="The test case is a prototype." type="java.lang.AssertionError">java.lang.AssertionError: The test case is a prototype.
	at com.mycompany.chatapplication.controllers.DashboardControllerTest.testGetLoggedInUserDetails(DashboardControllerTest.java:36)
</failure>
    <system-out><![CDATA[getLoggedInUserDetails
]]></system-out>
  </testcase>
</testsuite>