<?xml version="1.0" encoding="UTF-8"?>
<testsuite xmlns:xsi="http://www.w3.org/2001/XMLSchema-instance" xsi:schemaLocation="https://maven.apache.org/surefire/maven-surefire-plugin/xsd/surefire-test-report.xsd" name="com.mycompany.chatapplication.controllers.ProfileControllerTest" time="1.21" tests="5" errors="5" skipped="0" failures="0">
  <properties>
[...]
</properties>
  <testcase name="testGetLoggedInUserDetails" classname="com.mycompany.chatapplication.controllers.ProfileControllerTest" time="0.724">
    <error message="Unable to make protected void java.lang.Object.finalize() throws java.lang.Throwable accessible: module java.base does not &quot;opens java.lang&quot; to unnamed module @3bf44630" type="java.lang.reflect.InaccessibleObjectException">java.lang.reflect.InaccessibleObjectException: Unable to make protected void java.lang.Object.finalize() throws java.lang.Throwable accessible: module java.base does not "opens java.lang" to unnamed module @3bf44630
	at com.mycompany.chatapplication.controllers.ProfileControllerTest.before(ProfileControllerTest.java)
</error>
  </testcase>
  <testcase name="Test mechanism" classname="Test mechanism" time="0.728">
    <error message="Unable to make protected void java.lang.Object.finalize() throws java.lang.Throwable accessible: module java.base does not &quot;opens java.lang&quot; to unnamed module @3bf44630" type="java.lang.reflect.InaccessibleObjectException">java.lang.reflect.InaccessibleObjectException: Unable to make protected void java.lang.Object.finalize() throws java.lang.Throwable accessible: module java.base does not "opens java.lang" to unnamed module @3bf44630
</error>
  </testcase>
  <testcase name="Test mechanism" classname="Test mechanism" time="0.003">
    <error message="Unable to make protected void java.lang.Object.finalize() throws java.lang.Throwable accessible: module java.base does not &quot;opens java.lang&quot; to unnamed module @3bf44630" type="java.lang.reflect.InaccessibleObjectException">java.lang.reflect.InaccessibleObjectException: Unable to make protected void java.lang.Object.finalize() throws java.lang.Throwable accessible: module java.base does not "opens java.lang" to unnamed module @3bf44630
</error>
  </testcase>
  <testcase name="testBtnSaveClick" classname="com.mycompany.chatapplication.controllers.ProfileControllerTest" time="0.002">
    <error message="Unable to make protected void java.lang.Object.finalize() throws java.lang.Throwable accessible: module java.base does not &quot;opens java.lang&quot; to unnamed module @3bf44630" type="java.lang.reflect.InaccessibleObjectException">java.lang.reflect.InaccessibleObjectException: Unable to make protected void java.lang.Object.finalize() throws java.lang.Throwable accessible: module java.base does not "opens java.lang" to unnamed module @3bf44630
	at com.mycompany.chatapplication.controllers.ProfileControllerTest.before(ProfileControllerTest.java)
</error>
  </testcase>
  <testcase name="com.mycompany.chatapplication.controllers.ProfileControllerTest" classname="org.apache.maven.surefire.junit4.JUnit4Provider" time="0.005">
    <error message="Internal error: Failed to find the &quot;modifiers&quot; field in method setInternalState." type="java.lang.RuntimeException">java.lang.RuntimeException: Internal error: Failed to find the "modifiers" field in method setInternalState.
	at org.apache.maven.surefire.junit4.JUnit4Provider.execute(JUnit4Provider.java:367)
	at org.apache.maven.surefire.junit4.JUnit4Provider.executeWithRerun(JUnit4Provider.java:274)
	at org.apache.maven.surefire.junit4.JUnit4Provider.executeTestSet(JUnit4Provider.java:238)
	at org.apache.maven.surefire.junit4.JUnit4Provider.invoke(JUnit4Provider.java:161)
Caused by: java.lang.NoSuchFieldException: modifiers
	at org.apache.maven.surefire.junit4.JUnit4Provider.execute(JUnit4Provider.java:367)
	at org.apache.maven.surefire.junit4.JUnit4Provider.executeWithRerun(JUnit4Provider.java:274)
	at org.apache.maven.surefire.junit4.JUnit4Provider.executeTestSet(JUnit4Provider.java:238)
	at org.apache.maven.surefire.junit4.JUnit4Provider.invoke(JUnit4Provider.java:161)
</error>
  </testcase>
</testsuite>