<?xml version="1.0" encoding="UTF-8"?>
<testsuite xmlns:xsi="http://www.w3.org/2001/XMLSchema-instance" xsi:schemaLocation="https://maven.apache.org/surefire/maven-surefire-plugin/xsd/surefire-test-report.xsd" name="com.mycompany.chatapplication.controllers.GroupAddControllerTest" time="2.036" tests="5" errors="2" skipped="0" failures="3">
  <properties>
[...]
</properties>
  <testcase name="testSetLoggedInUserDetails" classname="com.mycompany.chatapplication.controllers.GroupAddControllerTest" time="0.017">
    <failure message="The test case is a prototype." type="java.lang.AssertionError">java.lang.AssertionError: The test case is a prototype.
	at com.mycompany.chatapplication.controllers.GroupAddControllerTest.testSetLoggedInUserDetails(GroupAddControllerTest.java:47)
</failure>
    <system-out><![CDATA[setLoggedInUserDetails
]]></system-out>
  </testcase>
  <testcase name="testBtnCancelClick" classname="com.mycompany.chatapplication.controllers.GroupAddControllerTest" time="1.915">
    <error type="java.lang.ExceptionInInitializerError">java.lang.ExceptionInInitializerError
	at com.mycompany.chatapplication.controllers.GroupAddControllerTest.testBtnCancelClick(GroupAddControllerTest.java:85)
Caused by: java.lang.IllegalStateException: Toolkit not initialized
	at com.mycompany.chatapplication.controllers.GroupAddControllerTest.testBtnCancelClick(GroupAddControllerTest.java:85)
</error>
    <system-out><![CDATA[btnCancelClick
]]></system-out>
  </testcase>
  <testcase name="testBtnCreateClick" classname="com.mycompany.chatapplication.controllers.GroupAddControllerTest" time="0.003">
    <error message="Cannot invoke &quot;javafx.scene.control.TextField.getText()&quot; because &quot;this.txtGroupName&quot; is null" type="java.lang.NullPointerException">java.lang.NullPointerException: Cannot invoke "javafx.scene.control.TextField.getText()" because "this.txtGroupName" is null
	at com.mycompany.chatapplication.controllers.GroupAddControllerTest.testBtnCreateClick(GroupAddControllerTest.java:72)
</error>
    <system-out><![CDATA[btnCreateClick
]]></system-out>
  </testcase>
  <testcase name="testInitialize" classname="com.mycompany.chatapplication.controllers.GroupAddControllerTest" time="0.001">
    <failure message="The test case is a prototype." type="java.lang.AssertionError">java.lang.AssertionError: The test case is a prototype.
	at com.mycompany.chatapplication.controllers.GroupAddControllerTest.testInitialize(GroupAddControllerTest.java:61)
</failure>
    <system-out><![CDATA[initialize
]]></system-out>
  </testcase>
  <testcase name="testGetLoggedInUserDetails" classname="com.mycompany.chatapplication.controllers.GroupAddControllerTest" time="0.006">
    <failure message="The test case is a prototype." type="java.lang.AssertionError">java.lang.AssertionError: The test case is a prototype.
	at com.mycompany.chatapplication.controllers.GroupAddControllerTest.testGetLoggedInUserDetails(GroupAddControllerTest.java:34)
</failure>
    <system-out><![CDATA[getLoggedInUserDetails
]]></system-out>
  </testcase>
</testsuite>